<?xml version="1.0" encoding="UTF-8"?>
<!-- Generated by org.testng.reporters.JUnitReportReporter -->
<testsuite hostname="LAPTOP-DO9QMA4Q" failures="0" tests="1" name="ultimateQaTestClass.AddToCartTest" time="11.147" errors="0" timestamp="2025-01-09T12:16:37 EST" skipped="0">
  <testcase classname="ultimateQaTestClass.AddToCartTest" name="addToCart" time="11.147"/>
  <system-out/>
</testsuite> <!-- ultimateQaTestClass.AddToCartTest -->
