<?xml version="1.0" encoding="UTF-8"?>
<!-- Generated by org.testng.reporters.JUnitReportReporter -->
<testsuite hostname="LAPTOP-DO9QMA4Q" failures="0" tests="1" name="ultimateQa.DemoWebShop" time="4.997" errors="0" timestamp="2025-01-05T11:45:45 EST" skipped="0">
  <testcase classname="ultimateQa.DemoWebShop" name="initiallogin" time="4.997"/>
  <system-out/>
</testsuite> <!-- ultimateQa.DemoWebShop -->
