<?xml version="1.0" encoding="UTF-8"?>
<!-- Generated by org.testng.reporters.JUnitReportReporter -->
<testsuite hostname="LAPTOP-DO9QMA4Q" failures="0" tests="1" name="ultimateQaTestClass.TestLogin" time="31.293" errors="0" timestamp="2025-01-05T13:23:59 EST" skipped="0">
  <testcase classname="ultimateQaTestClass.TestLogin" name="validateuserlogin" time="31.293"/>
  <system-out/>
</testsuite> <!-- ultimateQaTestClass.TestLogin -->
