<?xml version="1.0" encoding="UTF-8"?>
<!-- Generated by org.testng.reporters.JUnitReportReporter -->
<testsuite hostname="LAPTOP-DO9QMA4Q" failures="0" tests="1" name="ultimateQaTestClass.LoginTest" time="7.794" errors="0" timestamp="2025-01-19T12:54:31 EST" skipped="0">
  <testcase classname="ultimateQaTestClass.LoginTest" name="validateuserlogin" time="7.794"/>
  <system-out/>
</testsuite> <!-- ultimateQaTestClass.LoginTest -->
